Copyright 1986-2018 Xilinx, Inc. All Rights Reserved.
------------------------------------------------------------------------------------
| Tool Version : Vivado v.2018.3 (win64) Build 2405991 Thu Dec  6 23:38:27 MST 2018
| Date         : Sun May 19 21:21:35 2019
| Host         : ace-PC running 64-bit Service Pack 1  (build 7601)
| Command      : upgrade_ip
| Device       : xc7z020clg484-1
------------------------------------------------------------------------------------

Upgrade Log for IP 'TopBlockDesign_DDS_Control_0_0'

1. Summary
----------

SUCCESS in the upgrade of TopBlockDesign_DDS_Control_0_0 (AceTechs:user:DDS_Control:1.0) from (Rev. 3) to (Rev. 4)






Copyright 1986-2018 Xilinx, Inc. All Rights Reserved.
------------------------------------------------------------------------------------
| Tool Version : Vivado v.2018.3 (win64) Build 2405991 Thu Dec  6 23:38:27 MST 2018
| Date         : Sun May 19 20:17:35 2019
| Host         : ace-PC running 64-bit Service Pack 1  (build 7601)
| Command      : upgrade_ip
| Device       : xc7z020clg484-1
------------------------------------------------------------------------------------

Upgrade Log for IP 'TopBlockDesign_DDS_Control_0_0'

1. Summary
----------

CAUTION (success, with warnings) in the upgrade of TopBlockDesign_DDS_Control_0_0 (AceTechs:user:DDS_Control:1.0) from (Rev. 2) to (Rev. 3)

After upgrade, an IP may have parameter and port differences compared to the original customization. Please review the parameters within the IP customization GUI to ensure proper functionality. Also, please review the updated IP instantiation template to ensure proper connectivity, and update your design if required.

2. Connection Warnings
----------------------

Detected external port differences while upgrading 'TopBlockDesign_DDS_Control_0_0'. These changes may impact your design.


-Upgraded port 'DataPathSelect' width 1 differs from original width 2







Copyright 1986-2018 Xilinx, Inc. All Rights Reserved.
------------------------------------------------------------------------------------
| Tool Version : Vivado v.2018.3 (win64) Build 2405991 Thu Dec  6 23:38:27 MST 2018
| Date         : Sun May 19 20:11:34 2019
| Host         : ace-PC running 64-bit Service Pack 1  (build 7601)
| Command      : upgrade_ip
| Device       : xc7z020clg484-1
------------------------------------------------------------------------------------

Upgrade Log for IP 'TopBlockDesign_DDS_Control_0_0'

1. Summary
----------

CAUTION (success, with warnings) in the upgrade of TopBlockDesign_DDS_Control_0_0 (AceTechs:user:DDS_Control:1.0) from (Rev. 1) to (Rev. 2)

After upgrade, an IP may have parameter and port differences compared to the original customization. Please review the parameters within the IP customization GUI to ensure proper functionality. Also, please review the updated IP instantiation template to ensure proper connectivity, and update your design if required.

2. Connection Warnings
----------------------

Detected external port differences while upgrading 'TopBlockDesign_DDS_Control_0_0'. These changes may impact your design.


-Upgrade has removed port 'AmplCntrlA'

-Upgrade has removed port 'AmplCntrlB'

-Upgrade has removed port 'PhaseCntrlA'

-Upgrade has removed port 'PhaseCntrlB'

-Upgrade has added port 'AmplCntrl'

-Upgrade has added port 'PhaseCntrl'


