10:05:01 INFO  : Registering command handlers for SDK TCF services
10:05:03 INFO  : Launching XSCT server: xsct.bat -interactive D:\DIY\Radio_SW\VivadoProjectFolder\myproject\myproject.sdk\temp_xsdb_launch_script.tcl
10:05:10 INFO  : XSCT server has started successfully.
10:05:16 INFO  : Successfully done setting XSCT server connection channel  
10:05:16 INFO  : Processing command line option -hwspec D:/DIY/Radio_SW/VivadoProjectFolder/myproject/myproject.sdk/TopBlockDesign_wrapper.hdf.
10:05:16 INFO  : Successfully done setting SDK workspace  
10:10:53 INFO  : Connected to target on host '127.0.0.1' and port '3121'.
10:10:54 INFO  : Jtag cable 'Digilent JTAG-HS3 210299950344' is selected.
10:10:54 INFO  : 'jtag frequency' command is executed.
10:10:55 INFO  : Sourcing of 'D:/DIY/Radio_SW/VivadoProjectFolder/myproject/myproject.sdk/TopBlockDesign_wrapper_hw_platform_0/ps7_init.tcl' is done.
10:10:55 INFO  : 'targets -set -filter {jtag_cable_name =~ "Digilent JTAG-HS3 210299950344" && level==0} -index 1' command is executed.
10:10:57 INFO  : FPGA configured successfully with bitstream "D:/DIY/Radio_SW/VivadoProjectFolder/myproject/myproject.sdk/TopBlockDesign_wrapper_hw_platform_0/TopBlockDesign_wrapper.bit"
10:10:57 INFO  : Context for 'APU' is selected.
10:10:58 INFO  : Hardware design information is loaded from 'D:/DIY/Radio_SW/VivadoProjectFolder/myproject/myproject.sdk/TopBlockDesign_wrapper_hw_platform_0/system.hdf'.
10:10:58 INFO  : 'configparams force-mem-access 1' command is executed.
10:10:58 INFO  : Context for 'APU' is selected.
10:10:58 INFO  : 'stop' command is executed.
10:10:58 INFO  : 'ps7_init' command is executed.
10:10:58 INFO  : 'configparams force-mem-access 0' command is executed.
10:10:58 INFO  : ----------------XSDB Script----------------
connect -url tcp:127.0.0.1:3121
source D:/DIY/Radio_SW/VivadoProjectFolder/myproject/myproject.sdk/TopBlockDesign_wrapper_hw_platform_0/ps7_init.tcl
targets -set -filter {jtag_cable_name =~ "Digilent JTAG-HS3 210299950344" && level==0} -index 1
fpga -file D:/DIY/Radio_SW/VivadoProjectFolder/myproject/myproject.sdk/TopBlockDesign_wrapper_hw_platform_0/TopBlockDesign_wrapper.bit
targets -set -nocase -filter {name =~"APU*" && jtag_cable_name =~ "Digilent JTAG-HS3 210299950344"} -index 0
loadhw -hw D:/DIY/Radio_SW/VivadoProjectFolder/myproject/myproject.sdk/TopBlockDesign_wrapper_hw_platform_0/system.hdf -mem-ranges [list {0x40000000 0xbfffffff}]
configparams force-mem-access 1
targets -set -nocase -filter {name =~"APU*" && jtag_cable_name =~ "Digilent JTAG-HS3 210299950344"} -index 0
stop
ps7_init
configparams force-mem-access 0
----------------End of Script----------------

10:10:58 INFO  : Memory regions updated for context APU
10:10:58 INFO  : Launch script is exported to file 'D:\DIY\Radio_SW\VivadoProjectFolder\myproject\myproject.sdk\.sdk\launch_scripts\xilinx_c-c++_application_(system_debugger)\db_dac_1.tcl'
10:11:39 INFO  : Disconnected from the channel tcfchan#1.
10:13:02 INFO  : Connected to target on host '127.0.0.1' and port '3121'.
10:13:02 INFO  : Jtag cable 'Digilent JTAG-HS3 210299950344' is selected.
10:13:02 INFO  : 'jtag frequency' command is executed.
10:13:02 INFO  : Sourcing of 'D:/DIY/Radio_SW/VivadoProjectFolder/myproject/myproject.sdk/TopBlockDesign_wrapper_hw_platform_0/ps7_init.tcl' is done.
10:13:02 INFO  : Context for 'APU' is selected.
10:13:03 INFO  : System reset is completed.
10:13:06 INFO  : 'after 3000' command is executed.
10:13:06 INFO  : 'targets -set -filter {jtag_cable_name =~ "Digilent JTAG-HS3 210299950344" && level==0} -index 1' command is executed.
10:13:08 INFO  : FPGA configured successfully with bitstream "D:/DIY/Radio_SW/VivadoProjectFolder/myproject/myproject.sdk/TopBlockDesign_wrapper_hw_platform_0/TopBlockDesign_wrapper.bit"
10:13:08 INFO  : Context for 'APU' is selected.
10:13:12 INFO  : Hardware design information is loaded from 'D:/DIY/Radio_SW/VivadoProjectFolder/myproject/myproject.sdk/TopBlockDesign_wrapper_hw_platform_0/system.hdf'.
10:13:12 INFO  : 'configparams force-mem-access 1' command is executed.
10:13:12 INFO  : Context for 'APU' is selected.
10:13:13 INFO  : 'ps7_init' command is executed.
10:13:13 INFO  : Context for processor 'ps7_cortexa9_0' is selected.
10:13:13 INFO  : The application 'D:/DIY/Radio_SW/VivadoProjectFolder/myproject/myproject.sdk/DAC_test_1/Debug/DAC_test_1.elf' is downloaded to processor 'ps7_cortexa9_0'.
10:13:13 INFO  : 'configparams force-mem-access 0' command is executed.
10:13:13 INFO  : ----------------XSDB Script----------------
connect -url tcp:127.0.0.1:3121
source D:/DIY/Radio_SW/VivadoProjectFolder/myproject/myproject.sdk/TopBlockDesign_wrapper_hw_platform_0/ps7_init.tcl
targets -set -nocase -filter {name =~"APU*" && jtag_cable_name =~ "Digilent JTAG-HS3 210299950344"} -index 0
rst -system
after 3000
targets -set -filter {jtag_cable_name =~ "Digilent JTAG-HS3 210299950344" && level==0} -index 1
fpga -file D:/DIY/Radio_SW/VivadoProjectFolder/myproject/myproject.sdk/TopBlockDesign_wrapper_hw_platform_0/TopBlockDesign_wrapper.bit
targets -set -nocase -filter {name =~"APU*" && jtag_cable_name =~ "Digilent JTAG-HS3 210299950344"} -index 0
loadhw -hw D:/DIY/Radio_SW/VivadoProjectFolder/myproject/myproject.sdk/TopBlockDesign_wrapper_hw_platform_0/system.hdf -mem-ranges [list {0x40000000 0xbfffffff}]
configparams force-mem-access 1
targets -set -nocase -filter {name =~"APU*" && jtag_cable_name =~ "Digilent JTAG-HS3 210299950344"} -index 0
ps7_init
targets -set -nocase -filter {name =~ "ARM*#0" && jtag_cable_name =~ "Digilent JTAG-HS3 210299950344"} -index 0
dow D:/DIY/Radio_SW/VivadoProjectFolder/myproject/myproject.sdk/DAC_test_1/Debug/DAC_test_1.elf
configparams force-mem-access 0
----------------End of Script----------------

10:13:13 INFO  : Memory regions updated for context APU
10:13:13 INFO  : Launch script is exported to file 'D:\DIY\Radio_SW\VivadoProjectFolder\myproject\myproject.sdk\.sdk\launch_scripts\xilinx_c-c++_application_(system_debugger)\db_dac_1.tcl'
10:13:55 INFO  : Disconnected from the channel tcfchan#2.
10:18:37 INFO  : Connected to target on host '127.0.0.1' and port '3121'.
10:18:38 INFO  : Jtag cable 'Digilent JTAG-HS3 210299950344' is selected.
10:18:38 INFO  : 'jtag frequency' command is executed.
10:18:38 INFO  : Context for 'APU' is selected.
10:18:38 INFO  : System reset is completed.
10:18:41 INFO  : 'after 3000' command is executed.
10:18:41 INFO  : 'targets -set -filter {jtag_cable_name =~ "Digilent JTAG-HS3 210299950344" && level==0} -index 1' command is executed.
10:18:44 INFO  : FPGA configured successfully with bitstream "D:/DIY/Radio_SW/VivadoProjectFolder/myproject/myproject.sdk/TopBlockDesign_wrapper_hw_platform_0/TopBlockDesign_wrapper.bit"
10:18:44 INFO  : Context for 'APU' is selected.
10:18:44 INFO  : Hardware design information is loaded from 'D:/DIY/Radio_SW/VivadoProjectFolder/myproject/myproject.sdk/TopBlockDesign_wrapper_hw_platform_0/system.hdf'.
10:18:44 INFO  : 'configparams force-mem-access 1' command is executed.
10:18:44 INFO  : 'configparams force-mem-access 0' command is executed.
10:18:44 INFO  : ----------------XSDB Script----------------
connect -url tcp:127.0.0.1:3121
targets -set -nocase -filter {name =~"APU*" && jtag_cable_name =~ "Digilent JTAG-HS3 210299950344"} -index 0
rst -system
after 3000
targets -set -filter {jtag_cable_name =~ "Digilent JTAG-HS3 210299950344" && level==0} -index 1
fpga -file D:/DIY/Radio_SW/VivadoProjectFolder/myproject/myproject.sdk/TopBlockDesign_wrapper_hw_platform_0/TopBlockDesign_wrapper.bit
targets -set -nocase -filter {name =~"APU*" && jtag_cable_name =~ "Digilent JTAG-HS3 210299950344"} -index 0
loadhw -hw D:/DIY/Radio_SW/VivadoProjectFolder/myproject/myproject.sdk/TopBlockDesign_wrapper_hw_platform_0/system.hdf -mem-ranges [list {0x40000000 0xbfffffff}]
configparams force-mem-access 1
configparams force-mem-access 0
----------------End of Script----------------

10:19:34 INFO  : Disconnected from the channel tcfchan#3.
10:19:58 INFO  : Connected to target on host '127.0.0.1' and port '3121'.
10:19:59 INFO  : Jtag cable 'Digilent JTAG-HS3 210299950344' is selected.
10:19:59 INFO  : 'jtag frequency' command is executed.
10:19:59 INFO  : Context for 'APU' is selected.
10:19:59 INFO  : System reset is completed.
10:20:02 INFO  : 'after 3000' command is executed.
10:20:02 INFO  : 'targets -set -filter {jtag_cable_name =~ "Digilent JTAG-HS3 210299950344" && level==0} -index 1' command is executed.
10:20:05 INFO  : FPGA configured successfully with bitstream "D:/DIY/Radio_SW/VivadoProjectFolder/myproject/myproject.sdk/TopBlockDesign_wrapper_hw_platform_0/TopBlockDesign_wrapper.bit"
10:20:05 INFO  : Context for 'APU' is selected.
10:20:08 INFO  : Hardware design information is loaded from 'D:/DIY/Radio_SW/VivadoProjectFolder/myproject/myproject.sdk/TopBlockDesign_wrapper_hw_platform_0/system.hdf'.
10:20:08 INFO  : 'configparams force-mem-access 1' command is executed.
10:20:08 INFO  : Context for processor 'ps7_cortexa9_0' is selected.
10:20:08 ERROR : Memory write error at 0x100000. Cannot access DDR: the controller is held in reset
10:20:08 INFO  : ----------------XSDB Script----------------
connect -url tcp:127.0.0.1:3121
targets -set -nocase -filter {name =~"APU*" && jtag_cable_name =~ "Digilent JTAG-HS3 210299950344"} -index 0
rst -system
after 3000
targets -set -filter {jtag_cable_name =~ "Digilent JTAG-HS3 210299950344" && level==0} -index 1
fpga -file D:/DIY/Radio_SW/VivadoProjectFolder/myproject/myproject.sdk/TopBlockDesign_wrapper_hw_platform_0/TopBlockDesign_wrapper.bit
targets -set -nocase -filter {name =~"APU*" && jtag_cable_name =~ "Digilent JTAG-HS3 210299950344"} -index 0
loadhw -hw D:/DIY/Radio_SW/VivadoProjectFolder/myproject/myproject.sdk/TopBlockDesign_wrapper_hw_platform_0/system.hdf -mem-ranges [list {0x40000000 0xbfffffff}]
configparams force-mem-access 1
targets -set -nocase -filter {name =~ "ARM*#0" && jtag_cable_name =~ "Digilent JTAG-HS3 210299950344"} -index 0
dow D:/DIY/Radio_SW/VivadoProjectFolder/myproject/myproject.sdk/DAC_test_1/Debug/DAC_test_1.elf
----------------End of Script----------------

10:21:04 INFO  : Connected to target on host '127.0.0.1' and port '3121'.
10:22:35 INFO  : Connected to target on host '127.0.0.1' and port '3121'.
10:22:36 INFO  : Jtag cable 'Digilent JTAG-HS3 210299950344' is selected.
10:22:36 INFO  : 'jtag frequency' command is executed.
10:22:36 INFO  : Sourcing of 'D:/DIY/Radio_SW/VivadoProjectFolder/myproject/myproject.sdk/TopBlockDesign_wrapper_hw_platform_0/ps7_init.tcl' is done.
10:22:36 INFO  : Context for 'APU' is selected.
10:22:37 INFO  : System reset is completed.
10:22:40 INFO  : 'after 3000' command is executed.
10:22:40 INFO  : 'targets -set -filter {jtag_cable_name =~ "Digilent JTAG-HS3 210299950344" && level==0} -index 1' command is executed.
10:22:42 INFO  : FPGA configured successfully with bitstream "D:/DIY/Radio_SW/VivadoProjectFolder/myproject/myproject.sdk/TopBlockDesign_wrapper_hw_platform_0/TopBlockDesign_wrapper.bit"
10:22:42 INFO  : Context for 'APU' is selected.
10:22:42 INFO  : Hardware design information is loaded from 'D:/DIY/Radio_SW/VivadoProjectFolder/myproject/myproject.sdk/TopBlockDesign_wrapper_hw_platform_0/system.hdf'.
10:22:42 INFO  : 'configparams force-mem-access 1' command is executed.
10:22:42 INFO  : Context for 'APU' is selected.
10:22:43 INFO  : 'ps7_init' command is executed.
10:22:43 INFO  : 'ps7_post_config' command is executed.
10:22:43 INFO  : Context for processor 'ps7_cortexa9_0' is selected.
10:22:43 INFO  : The application 'D:/DIY/Radio_SW/VivadoProjectFolder/myproject/myproject.sdk/DAC_test_1/Debug/DAC_test_1.elf' is downloaded to processor 'ps7_cortexa9_0'.
10:22:43 INFO  : 'configparams force-mem-access 0' command is executed.
10:22:43 INFO  : ----------------XSDB Script----------------
connect -url tcp:127.0.0.1:3121
source D:/DIY/Radio_SW/VivadoProjectFolder/myproject/myproject.sdk/TopBlockDesign_wrapper_hw_platform_0/ps7_init.tcl
targets -set -nocase -filter {name =~"APU*" && jtag_cable_name =~ "Digilent JTAG-HS3 210299950344"} -index 0
rst -system
after 3000
targets -set -filter {jtag_cable_name =~ "Digilent JTAG-HS3 210299950344" && level==0} -index 1
fpga -file D:/DIY/Radio_SW/VivadoProjectFolder/myproject/myproject.sdk/TopBlockDesign_wrapper_hw_platform_0/TopBlockDesign_wrapper.bit
targets -set -nocase -filter {name =~"APU*" && jtag_cable_name =~ "Digilent JTAG-HS3 210299950344"} -index 0
loadhw -hw D:/DIY/Radio_SW/VivadoProjectFolder/myproject/myproject.sdk/TopBlockDesign_wrapper_hw_platform_0/system.hdf -mem-ranges [list {0x40000000 0xbfffffff}]
configparams force-mem-access 1
targets -set -nocase -filter {name =~"APU*" && jtag_cable_name =~ "Digilent JTAG-HS3 210299950344"} -index 0
ps7_init
ps7_post_config
targets -set -nocase -filter {name =~ "ARM*#0" && jtag_cable_name =~ "Digilent JTAG-HS3 210299950344"} -index 0
dow D:/DIY/Radio_SW/VivadoProjectFolder/myproject/myproject.sdk/DAC_test_1/Debug/DAC_test_1.elf
configparams force-mem-access 0
----------------End of Script----------------

10:22:43 INFO  : Memory regions updated for context APU
10:22:43 INFO  : Launch script is exported to file 'D:\DIY\Radio_SW\VivadoProjectFolder\myproject\myproject.sdk\.sdk\launch_scripts\xilinx_c-c++_application_(system_debugger)\db_dac_1.tcl'
10:25:23 INFO  : Disconnected from the channel tcfchan#4.
10:30:25 INFO  : Connected to target on host '127.0.0.1' and port '3121'.
10:30:26 INFO  : Jtag cable 'Digilent JTAG-HS3 210299950344' is selected.
10:30:26 INFO  : 'jtag frequency' command is executed.
10:30:26 INFO  : Sourcing of 'D:/DIY/Radio_SW/VivadoProjectFolder/myproject/myproject.sdk/TopBlockDesign_wrapper_hw_platform_0/ps7_init.tcl' is done.
10:30:26 INFO  : Context for 'APU' is selected.
10:30:26 INFO  : System reset is completed.
10:30:29 INFO  : 'after 3000' command is executed.
10:30:29 INFO  : 'targets -set -filter {jtag_cable_name =~ "Digilent JTAG-HS3 210299950344" && level==0} -index 1' command is executed.
10:30:32 INFO  : FPGA configured successfully with bitstream "D:/DIY/Radio_SW/VivadoProjectFolder/myproject/myproject.sdk/TopBlockDesign_wrapper_hw_platform_0/TopBlockDesign_wrapper.bit"
10:30:32 INFO  : Context for 'APU' is selected.
10:30:36 INFO  : Hardware design information is loaded from 'D:/DIY/Radio_SW/VivadoProjectFolder/myproject/myproject.sdk/TopBlockDesign_wrapper_hw_platform_0/system.hdf'.
10:30:36 INFO  : 'configparams force-mem-access 1' command is executed.
10:30:36 INFO  : Context for 'APU' is selected.
10:30:36 INFO  : 'ps7_init' command is executed.
10:30:36 INFO  : 'ps7_post_config' command is executed.
10:30:36 INFO  : Context for processor 'ps7_cortexa9_0' is selected.
10:30:37 INFO  : The application 'D:/DIY/Radio_SW/VivadoProjectFolder/myproject/myproject.sdk/DAC_test_1/Debug/DAC_test_1.elf' is downloaded to processor 'ps7_cortexa9_0'.
10:30:37 INFO  : 'configparams force-mem-access 0' command is executed.
10:30:37 INFO  : ----------------XSDB Script----------------
connect -url tcp:127.0.0.1:3121
source D:/DIY/Radio_SW/VivadoProjectFolder/myproject/myproject.sdk/TopBlockDesign_wrapper_hw_platform_0/ps7_init.tcl
targets -set -nocase -filter {name =~"APU*" && jtag_cable_name =~ "Digilent JTAG-HS3 210299950344"} -index 0
rst -system
after 3000
targets -set -filter {jtag_cable_name =~ "Digilent JTAG-HS3 210299950344" && level==0} -index 1
fpga -file D:/DIY/Radio_SW/VivadoProjectFolder/myproject/myproject.sdk/TopBlockDesign_wrapper_hw_platform_0/TopBlockDesign_wrapper.bit
targets -set -nocase -filter {name =~"APU*" && jtag_cable_name =~ "Digilent JTAG-HS3 210299950344"} -index 0
loadhw -hw D:/DIY/Radio_SW/VivadoProjectFolder/myproject/myproject.sdk/TopBlockDesign_wrapper_hw_platform_0/system.hdf -mem-ranges [list {0x40000000 0xbfffffff}]
configparams force-mem-access 1
targets -set -nocase -filter {name =~"APU*" && jtag_cable_name =~ "Digilent JTAG-HS3 210299950344"} -index 0
ps7_init
ps7_post_config
targets -set -nocase -filter {name =~ "ARM*#0" && jtag_cable_name =~ "Digilent JTAG-HS3 210299950344"} -index 0
dow D:/DIY/Radio_SW/VivadoProjectFolder/myproject/myproject.sdk/DAC_test_1/Debug/DAC_test_1.elf
configparams force-mem-access 0
----------------End of Script----------------

10:30:37 INFO  : Memory regions updated for context APU
10:30:37 INFO  : Launch script is exported to file 'D:\DIY\Radio_SW\VivadoProjectFolder\myproject\myproject.sdk\.sdk\launch_scripts\xilinx_c-c++_application_(system_debugger)\db_dac_1.tcl'
11:16:58 INFO  : Disconnected from the channel tcfchan#5.
11:19:07 INFO  : Connected to target on host '127.0.0.1' and port '3121'.
11:19:10 INFO  : Jtag cable 'Digilent JTAG-HS3 210299950344' is selected.
11:19:10 INFO  : 'jtag frequency' command is executed.
11:19:10 INFO  : Sourcing of 'D:/DIY/Radio_SW/VivadoProjectFolder/myproject/myproject.sdk/TopBlockDesign_wrapper_hw_platform_0/ps7_init.tcl' is done.
11:19:11 INFO  : Context for 'APU' is selected.
11:19:12 INFO  : System reset is completed.
11:19:15 INFO  : 'after 3000' command is executed.
11:19:17 INFO  : 'targets -set -filter {jtag_cable_name =~ "Digilent JTAG-HS3 210299950344" && level==0} -index 1' command is executed.
11:19:21 INFO  : FPGA configured successfully with bitstream "D:/DIY/Radio_SW/VivadoProjectFolder/myproject/myproject.sdk/TopBlockDesign_wrapper_hw_platform_0/TopBlockDesign_wrapper.bit"
11:19:21 INFO  : Context for 'APU' is selected.
11:19:34 INFO  : Hardware design information is loaded from 'D:/DIY/Radio_SW/VivadoProjectFolder/myproject/myproject.sdk/TopBlockDesign_wrapper_hw_platform_0/system.hdf'.
11:19:34 INFO  : 'configparams force-mem-access 1' command is executed.
11:19:34 INFO  : Context for 'APU' is selected.
11:19:34 INFO  : 'ps7_init' command is executed.
11:19:34 INFO  : 'ps7_post_config' command is executed.
11:19:34 INFO  : Context for processor 'ps7_cortexa9_0' is selected.
11:19:35 INFO  : The application 'D:/DIY/Radio_SW/VivadoProjectFolder/myproject/myproject.sdk/DAC_test_1/Debug/DAC_test_1.elf' is downloaded to processor 'ps7_cortexa9_0'.
11:19:35 INFO  : 'configparams force-mem-access 0' command is executed.
11:19:35 INFO  : ----------------XSDB Script----------------
connect -url tcp:127.0.0.1:3121
source D:/DIY/Radio_SW/VivadoProjectFolder/myproject/myproject.sdk/TopBlockDesign_wrapper_hw_platform_0/ps7_init.tcl
targets -set -nocase -filter {name =~"APU*" && jtag_cable_name =~ "Digilent JTAG-HS3 210299950344"} -index 0
rst -system
after 3000
targets -set -filter {jtag_cable_name =~ "Digilent JTAG-HS3 210299950344" && level==0} -index 1
fpga -file D:/DIY/Radio_SW/VivadoProjectFolder/myproject/myproject.sdk/TopBlockDesign_wrapper_hw_platform_0/TopBlockDesign_wrapper.bit
targets -set -nocase -filter {name =~"APU*" && jtag_cable_name =~ "Digilent JTAG-HS3 210299950344"} -index 0
loadhw -hw D:/DIY/Radio_SW/VivadoProjectFolder/myproject/myproject.sdk/TopBlockDesign_wrapper_hw_platform_0/system.hdf -mem-ranges [list {0x40000000 0xbfffffff}]
configparams force-mem-access 1
targets -set -nocase -filter {name =~"APU*" && jtag_cable_name =~ "Digilent JTAG-HS3 210299950344"} -index 0
ps7_init
ps7_post_config
targets -set -nocase -filter {name =~ "ARM*#0" && jtag_cable_name =~ "Digilent JTAG-HS3 210299950344"} -index 0
dow D:/DIY/Radio_SW/VivadoProjectFolder/myproject/myproject.sdk/DAC_test_1/Debug/DAC_test_1.elf
configparams force-mem-access 0
----------------End of Script----------------

11:19:35 INFO  : Memory regions updated for context APU
11:19:35 INFO  : Launch script is exported to file 'D:\DIY\Radio_SW\VivadoProjectFolder\myproject\myproject.sdk\.sdk\launch_scripts\xilinx_c-c++_application_(system_debugger)\db_dac_1.tcl'
11:54:43 INFO  : Disconnected from the channel tcfchan#6.
12:43:19 INFO  : Connected to target on host '127.0.0.1' and port '3121'.
12:43:22 INFO  : Jtag cable 'Digilent JTAG-HS3 210299950344' is selected.
12:43:22 INFO  : 'jtag frequency' command is executed.
12:43:22 INFO  : Sourcing of 'D:/DIY/Radio_SW/VivadoProjectFolder/myproject/myproject.sdk/TopBlockDesign_wrapper_hw_platform_0/ps7_init.tcl' is done.
12:43:23 INFO  : Context for 'APU' is selected.
12:43:24 INFO  : System reset is completed.
12:43:27 INFO  : 'after 3000' command is executed.
12:43:29 INFO  : 'targets -set -filter {jtag_cable_name =~ "Digilent JTAG-HS3 210299950344" && level==0} -index 1' command is executed.
12:43:33 INFO  : FPGA configured successfully with bitstream "D:/DIY/Radio_SW/VivadoProjectFolder/myproject/myproject.sdk/TopBlockDesign_wrapper_hw_platform_0/TopBlockDesign_wrapper.bit"
12:43:33 INFO  : Context for 'APU' is selected.
12:43:37 INFO  : Hardware design information is loaded from 'D:/DIY/Radio_SW/VivadoProjectFolder/myproject/myproject.sdk/TopBlockDesign_wrapper_hw_platform_0/system.hdf'.
12:43:37 INFO  : 'configparams force-mem-access 1' command is executed.
12:43:37 INFO  : Context for 'APU' is selected.
12:43:38 INFO  : 'ps7_init' command is executed.
12:43:38 INFO  : 'ps7_post_config' command is executed.
12:43:38 INFO  : Context for processor 'ps7_cortexa9_0' is selected.
12:43:38 INFO  : The application 'D:/DIY/Radio_SW/VivadoProjectFolder/myproject/myproject.sdk/DAC_test_1/Debug/DAC_test_1.elf' is downloaded to processor 'ps7_cortexa9_0'.
12:43:38 INFO  : 'configparams force-mem-access 0' command is executed.
12:43:38 INFO  : ----------------XSDB Script----------------
connect -url tcp:127.0.0.1:3121
source D:/DIY/Radio_SW/VivadoProjectFolder/myproject/myproject.sdk/TopBlockDesign_wrapper_hw_platform_0/ps7_init.tcl
targets -set -nocase -filter {name =~"APU*" && jtag_cable_name =~ "Digilent JTAG-HS3 210299950344"} -index 0
rst -system
after 3000
targets -set -filter {jtag_cable_name =~ "Digilent JTAG-HS3 210299950344" && level==0} -index 1
fpga -file D:/DIY/Radio_SW/VivadoProjectFolder/myproject/myproject.sdk/TopBlockDesign_wrapper_hw_platform_0/TopBlockDesign_wrapper.bit
targets -set -nocase -filter {name =~"APU*" && jtag_cable_name =~ "Digilent JTAG-HS3 210299950344"} -index 0
loadhw -hw D:/DIY/Radio_SW/VivadoProjectFolder/myproject/myproject.sdk/TopBlockDesign_wrapper_hw_platform_0/system.hdf -mem-ranges [list {0x40000000 0xbfffffff}]
configparams force-mem-access 1
targets -set -nocase -filter {name =~"APU*" && jtag_cable_name =~ "Digilent JTAG-HS3 210299950344"} -index 0
ps7_init
ps7_post_config
targets -set -nocase -filter {name =~ "ARM*#0" && jtag_cable_name =~ "Digilent JTAG-HS3 210299950344"} -index 0
dow D:/DIY/Radio_SW/VivadoProjectFolder/myproject/myproject.sdk/DAC_test_1/Debug/DAC_test_1.elf
configparams force-mem-access 0
----------------End of Script----------------

12:43:38 INFO  : Memory regions updated for context APU
12:43:38 INFO  : Launch script is exported to file 'D:\DIY\Radio_SW\VivadoProjectFolder\myproject\myproject.sdk\.sdk\launch_scripts\xilinx_c-c++_application_(system_debugger)\db_dac_1.tcl'
12:43:42 INFO  : Disconnected from the channel tcfchan#7.
12:44:57 INFO  : Connected to target on host '127.0.0.1' and port '3121'.
12:44:59 INFO  : Jtag cable 'Digilent JTAG-HS3 210299950344' is selected.
12:45:00 INFO  : 'jtag frequency' command is executed.
12:45:00 INFO  : Sourcing of 'D:/DIY/Radio_SW/VivadoProjectFolder/myproject/myproject.sdk/TopBlockDesign_wrapper_hw_platform_0/ps7_init.tcl' is done.
12:45:01 INFO  : Context for 'APU' is selected.
12:45:01 INFO  : System reset is completed.
12:45:04 INFO  : 'after 3000' command is executed.
12:45:06 INFO  : 'targets -set -filter {jtag_cable_name =~ "Digilent JTAG-HS3 210299950344" && level==0} -index 1' command is executed.
12:45:10 INFO  : FPGA configured successfully with bitstream "D:/DIY/Radio_SW/VivadoProjectFolder/myproject/myproject.sdk/TopBlockDesign_wrapper_hw_platform_0/TopBlockDesign_wrapper.bit"
12:45:10 INFO  : Context for 'APU' is selected.
12:45:13 INFO  : Hardware design information is loaded from 'D:/DIY/Radio_SW/VivadoProjectFolder/myproject/myproject.sdk/TopBlockDesign_wrapper_hw_platform_0/system.hdf'.
12:45:13 INFO  : 'configparams force-mem-access 1' command is executed.
12:45:13 INFO  : Context for 'APU' is selected.
12:45:14 INFO  : 'ps7_init' command is executed.
12:45:14 INFO  : 'ps7_post_config' command is executed.
12:45:14 INFO  : Context for processor 'ps7_cortexa9_0' is selected.
12:45:14 INFO  : The application 'D:/DIY/Radio_SW/VivadoProjectFolder/myproject/myproject.sdk/DAC_test_1/Debug/DAC_test_1.elf' is downloaded to processor 'ps7_cortexa9_0'.
12:45:14 INFO  : 'configparams force-mem-access 0' command is executed.
12:45:14 INFO  : ----------------XSDB Script----------------
connect -url tcp:127.0.0.1:3121
source D:/DIY/Radio_SW/VivadoProjectFolder/myproject/myproject.sdk/TopBlockDesign_wrapper_hw_platform_0/ps7_init.tcl
targets -set -nocase -filter {name =~"APU*" && jtag_cable_name =~ "Digilent JTAG-HS3 210299950344"} -index 0
rst -system
after 3000
targets -set -filter {jtag_cable_name =~ "Digilent JTAG-HS3 210299950344" && level==0} -index 1
fpga -file D:/DIY/Radio_SW/VivadoProjectFolder/myproject/myproject.sdk/TopBlockDesign_wrapper_hw_platform_0/TopBlockDesign_wrapper.bit
targets -set -nocase -filter {name =~"APU*" && jtag_cable_name =~ "Digilent JTAG-HS3 210299950344"} -index 0
loadhw -hw D:/DIY/Radio_SW/VivadoProjectFolder/myproject/myproject.sdk/TopBlockDesign_wrapper_hw_platform_0/system.hdf -mem-ranges [list {0x40000000 0xbfffffff}]
configparams force-mem-access 1
targets -set -nocase -filter {name =~"APU*" && jtag_cable_name =~ "Digilent JTAG-HS3 210299950344"} -index 0
ps7_init
ps7_post_config
targets -set -nocase -filter {name =~ "ARM*#0" && jtag_cable_name =~ "Digilent JTAG-HS3 210299950344"} -index 0
dow D:/DIY/Radio_SW/VivadoProjectFolder/myproject/myproject.sdk/DAC_test_1/Debug/DAC_test_1.elf
configparams force-mem-access 0
----------------End of Script----------------

12:45:14 INFO  : Memory regions updated for context APU
12:45:14 INFO  : Launch script is exported to file 'D:\DIY\Radio_SW\VivadoProjectFolder\myproject\myproject.sdk\.sdk\launch_scripts\xilinx_c-c++_application_(system_debugger)\db_dac_1.tcl'
13:02:38 INFO  : Disconnected from the channel tcfchan#8.
13:03:31 INFO  : Connected to target on host '127.0.0.1' and port '3121'.
13:03:33 INFO  : Jtag cable 'Digilent JTAG-HS3 210299950344' is selected.
13:03:33 INFO  : 'jtag frequency' command is executed.
13:03:33 INFO  : Sourcing of 'D:/DIY/Radio_SW/VivadoProjectFolder/myproject/myproject.sdk/TopBlockDesign_wrapper_hw_platform_0/ps7_init.tcl' is done.
13:03:34 INFO  : Context for 'APU' is selected.
13:03:34 INFO  : System reset is completed.
13:03:37 INFO  : 'after 3000' command is executed.
13:03:38 INFO  : 'targets -set -filter {jtag_cable_name =~ "Digilent JTAG-HS3 210299950344" && level==0} -index 1' command is executed.
13:03:41 INFO  : FPGA configured successfully with bitstream "D:/DIY/Radio_SW/VivadoProjectFolder/myproject/myproject.sdk/TopBlockDesign_wrapper_hw_platform_0/TopBlockDesign_wrapper.bit"
13:03:42 INFO  : Context for 'APU' is selected.
13:03:45 INFO  : Hardware design information is loaded from 'D:/DIY/Radio_SW/VivadoProjectFolder/myproject/myproject.sdk/TopBlockDesign_wrapper_hw_platform_0/system.hdf'.
13:03:45 INFO  : 'configparams force-mem-access 1' command is executed.
13:03:45 INFO  : Context for 'APU' is selected.
13:03:46 INFO  : 'ps7_init' command is executed.
13:03:46 INFO  : 'ps7_post_config' command is executed.
13:03:46 INFO  : Context for processor 'ps7_cortexa9_0' is selected.
13:03:46 INFO  : The application 'D:/DIY/Radio_SW/VivadoProjectFolder/myproject/myproject.sdk/DAC_test_1/Debug/DAC_test_1.elf' is downloaded to processor 'ps7_cortexa9_0'.
13:03:46 INFO  : 'configparams force-mem-access 0' command is executed.
13:03:46 INFO  : ----------------XSDB Script----------------
connect -url tcp:127.0.0.1:3121
source D:/DIY/Radio_SW/VivadoProjectFolder/myproject/myproject.sdk/TopBlockDesign_wrapper_hw_platform_0/ps7_init.tcl
targets -set -nocase -filter {name =~"APU*" && jtag_cable_name =~ "Digilent JTAG-HS3 210299950344"} -index 0
rst -system
after 3000
targets -set -filter {jtag_cable_name =~ "Digilent JTAG-HS3 210299950344" && level==0} -index 1
fpga -file D:/DIY/Radio_SW/VivadoProjectFolder/myproject/myproject.sdk/TopBlockDesign_wrapper_hw_platform_0/TopBlockDesign_wrapper.bit
targets -set -nocase -filter {name =~"APU*" && jtag_cable_name =~ "Digilent JTAG-HS3 210299950344"} -index 0
loadhw -hw D:/DIY/Radio_SW/VivadoProjectFolder/myproject/myproject.sdk/TopBlockDesign_wrapper_hw_platform_0/system.hdf -mem-ranges [list {0x40000000 0xbfffffff}]
configparams force-mem-access 1
targets -set -nocase -filter {name =~"APU*" && jtag_cable_name =~ "Digilent JTAG-HS3 210299950344"} -index 0
ps7_init
ps7_post_config
targets -set -nocase -filter {name =~ "ARM*#0" && jtag_cable_name =~ "Digilent JTAG-HS3 210299950344"} -index 0
dow D:/DIY/Radio_SW/VivadoProjectFolder/myproject/myproject.sdk/DAC_test_1/Debug/DAC_test_1.elf
configparams force-mem-access 0
----------------End of Script----------------

13:03:47 INFO  : Memory regions updated for context APU
13:03:47 INFO  : Launch script is exported to file 'D:\DIY\Radio_SW\VivadoProjectFolder\myproject\myproject.sdk\.sdk\launch_scripts\xilinx_c-c++_application_(system_debugger)\db_dac_1.tcl'
13:12:06 INFO  : Disconnected from the channel tcfchan#9.
13:12:20 INFO  : Connected to target on host '127.0.0.1' and port '3121'.
13:12:21 INFO  : Jtag cable 'Digilent JTAG-HS3 210299950344' is selected.
13:12:21 INFO  : 'jtag frequency' command is executed.
13:12:22 INFO  : Sourcing of 'D:/DIY/Radio_SW/VivadoProjectFolder/myproject/myproject.sdk/TopBlockDesign_wrapper_hw_platform_0/ps7_init.tcl' is done.
13:12:22 INFO  : Context for 'APU' is selected.
13:12:23 INFO  : System reset is completed.
13:12:26 INFO  : 'after 3000' command is executed.
13:12:26 INFO  : 'targets -set -filter {jtag_cable_name =~ "Digilent JTAG-HS3 210299950344" && level==0} -index 1' command is executed.
13:12:30 INFO  : FPGA configured successfully with bitstream "D:/DIY/Radio_SW/VivadoProjectFolder/myproject/myproject.sdk/TopBlockDesign_wrapper_hw_platform_0/TopBlockDesign_wrapper.bit"
13:12:31 INFO  : Context for 'APU' is selected.
13:12:35 INFO  : Hardware design information is loaded from 'D:/DIY/Radio_SW/VivadoProjectFolder/myproject/myproject.sdk/TopBlockDesign_wrapper_hw_platform_0/system.hdf'.
13:12:35 INFO  : 'configparams force-mem-access 1' command is executed.
13:12:35 INFO  : Context for 'APU' is selected.
13:12:35 INFO  : 'ps7_init' command is executed.
13:12:35 INFO  : 'ps7_post_config' command is executed.
13:12:35 INFO  : Context for processor 'ps7_cortexa9_0' is selected.
13:12:36 INFO  : The application 'D:/DIY/Radio_SW/VivadoProjectFolder/myproject/myproject.sdk/DAC_test_1/Debug/DAC_test_1.elf' is downloaded to processor 'ps7_cortexa9_0'.
13:12:36 INFO  : 'configparams force-mem-access 0' command is executed.
13:12:36 INFO  : ----------------XSDB Script----------------
connect -url tcp:127.0.0.1:3121
source D:/DIY/Radio_SW/VivadoProjectFolder/myproject/myproject.sdk/TopBlockDesign_wrapper_hw_platform_0/ps7_init.tcl
targets -set -nocase -filter {name =~"APU*" && jtag_cable_name =~ "Digilent JTAG-HS3 210299950344"} -index 0
rst -system
after 3000
targets -set -filter {jtag_cable_name =~ "Digilent JTAG-HS3 210299950344" && level==0} -index 1
fpga -file D:/DIY/Radio_SW/VivadoProjectFolder/myproject/myproject.sdk/TopBlockDesign_wrapper_hw_platform_0/TopBlockDesign_wrapper.bit
targets -set -nocase -filter {name =~"APU*" && jtag_cable_name =~ "Digilent JTAG-HS3 210299950344"} -index 0
loadhw -hw D:/DIY/Radio_SW/VivadoProjectFolder/myproject/myproject.sdk/TopBlockDesign_wrapper_hw_platform_0/system.hdf -mem-ranges [list {0x40000000 0xbfffffff}]
configparams force-mem-access 1
targets -set -nocase -filter {name =~"APU*" && jtag_cable_name =~ "Digilent JTAG-HS3 210299950344"} -index 0
ps7_init
ps7_post_config
targets -set -nocase -filter {name =~ "ARM*#0" && jtag_cable_name =~ "Digilent JTAG-HS3 210299950344"} -index 0
dow D:/DIY/Radio_SW/VivadoProjectFolder/myproject/myproject.sdk/DAC_test_1/Debug/DAC_test_1.elf
configparams force-mem-access 0
----------------End of Script----------------

13:12:36 INFO  : Memory regions updated for context APU
13:12:36 INFO  : Launch script is exported to file 'D:\DIY\Radio_SW\VivadoProjectFolder\myproject\myproject.sdk\.sdk\launch_scripts\xilinx_c-c++_application_(system_debugger)\db_dac_1.tcl'
17:08:45 INFO  : Disconnected from the channel tcfchan#10.
17:18:43 INFO  : SDK has detected change in the last modified timestamps for source hardware specification file Source:1572797895226,  Project:1558902682920
17:18:44 INFO  : Project TopBlockDesign_wrapper_hw_platform_0's source hardware specification located at D:/DIY/Radio_SW/VivadoProjectFolder/myproject/myproject.sdk/TopBlockDesign_wrapper.hdf is now different from the local copy.
		 The local copy will be replaced with the source specification and your workspace will be updated.
17:19:43 INFO  : Copied contents of D:/DIY/Radio_SW/VivadoProjectFolder/myproject/myproject.sdk/TopBlockDesign_wrapper.hdf into \TopBlockDesign_wrapper_hw_platform_0\system.hdf.
17:19:51 INFO  : Synchronizing projects in the workspace with the hardware platform specification changes.
17:20:14 INFO  : 
17:20:16 INFO  : Updating hardware inferred compiler options for DAC_test_1.
17:20:16 INFO  : Clearing existing target manager status.
17:20:16 INFO  : Closing and re-opening the MSS file of ther project DAC_test_1_bsp
17:20:23 INFO  : Closing and re-opening the MSS file of ther project DAC_test_1_bsp
17:20:26 INFO  : Workspace synchronized with the new hardware specification file. Cleaning dependent projects...
17:20:41 WARN  : Linker script will not be updated automatically. Users need to update it manually.
17:27:22 INFO  : Connected to target on host '127.0.0.1' and port '3121'.
17:27:38 INFO  : ----------------XSDB Script----------------
connect -url tcp:127.0.0.1:3121
----------------End of Script----------------

17:28:09 INFO  : Connected to target on host '127.0.0.1' and port '3121'.
17:28:18 INFO  : ----------------XSDB Script----------------
connect -url tcp:127.0.0.1:3121
----------------End of Script----------------

17:29:02 INFO  : Connected to target on host '127.0.0.1' and port '3121'.
17:29:03 INFO  : Jtag cable 'Digilent JTAG-HS3 210299950344' is selected.
17:29:03 INFO  : 'jtag frequency' command is executed.
17:29:03 INFO  : Sourcing of 'D:/DIY/Radio_SW/VivadoProjectFolder/myproject/myproject.sdk/TopBlockDesign_wrapper_hw_platform_0/ps7_init.tcl' is done.
17:29:05 INFO  : Context for 'APU' is selected.
17:29:05 INFO  : System reset is completed.
17:29:08 INFO  : 'after 3000' command is executed.
17:29:08 INFO  : 'targets -set -filter {jtag_cable_name =~ "Digilent JTAG-HS3 210299950344" && level==0} -index 1' command is executed.
17:29:11 INFO  : FPGA configured successfully with bitstream "D:/DIY/Radio_SW/VivadoProjectFolder/myproject/myproject.sdk/TopBlockDesign_wrapper_hw_platform_0/TopBlockDesign_wrapper.bit"
17:29:11 INFO  : Context for 'APU' is selected.
17:29:11 INFO  : Hardware design information is loaded from 'D:/DIY/Radio_SW/VivadoProjectFolder/myproject/myproject.sdk/TopBlockDesign_wrapper_hw_platform_0/system.hdf'.
17:29:11 INFO  : 'configparams force-mem-access 1' command is executed.
17:29:11 INFO  : Context for 'APU' is selected.
17:29:12 INFO  : 'ps7_init' command is executed.
17:29:12 INFO  : 'ps7_post_config' command is executed.
17:29:12 INFO  : Context for processor 'ps7_cortexa9_0' is selected.
17:29:12 INFO  : The application 'D:/DIY/Radio_SW/VivadoProjectFolder/myproject/myproject.sdk/DAC_test_1/Debug/DAC_test_1.elf' is downloaded to processor 'ps7_cortexa9_0'.
17:29:12 INFO  : 'configparams force-mem-access 0' command is executed.
17:29:12 INFO  : ----------------XSDB Script----------------
connect -url tcp:127.0.0.1:3121
source D:/DIY/Radio_SW/VivadoProjectFolder/myproject/myproject.sdk/TopBlockDesign_wrapper_hw_platform_0/ps7_init.tcl
targets -set -nocase -filter {name =~"APU*" && jtag_cable_name =~ "Digilent JTAG-HS3 210299950344"} -index 0
rst -system
after 3000
targets -set -filter {jtag_cable_name =~ "Digilent JTAG-HS3 210299950344" && level==0} -index 1
fpga -file D:/DIY/Radio_SW/VivadoProjectFolder/myproject/myproject.sdk/TopBlockDesign_wrapper_hw_platform_0/TopBlockDesign_wrapper.bit
targets -set -nocase -filter {name =~"APU*" && jtag_cable_name =~ "Digilent JTAG-HS3 210299950344"} -index 0
loadhw -hw D:/DIY/Radio_SW/VivadoProjectFolder/myproject/myproject.sdk/TopBlockDesign_wrapper_hw_platform_0/system.hdf -mem-ranges [list {0x40000000 0xbfffffff}]
configparams force-mem-access 1
targets -set -nocase -filter {name =~"APU*" && jtag_cable_name =~ "Digilent JTAG-HS3 210299950344"} -index 0
ps7_init
ps7_post_config
targets -set -nocase -filter {name =~ "ARM*#0" && jtag_cable_name =~ "Digilent JTAG-HS3 210299950344"} -index 0
dow D:/DIY/Radio_SW/VivadoProjectFolder/myproject/myproject.sdk/DAC_test_1/Debug/DAC_test_1.elf
configparams force-mem-access 0
----------------End of Script----------------

17:29:13 INFO  : Memory regions updated for context APU
17:29:13 INFO  : Launch script is exported to file 'D:\DIY\Radio_SW\VivadoProjectFolder\myproject\myproject.sdk\.sdk\launch_scripts\xilinx_c-c++_application_(system_debugger)\db_dac_1.tcl'
17:50:11 INFO  : Disconnected from the channel tcfchan#11.
17:50:24 INFO  : Connected to target on host '127.0.0.1' and port '3121'.
17:50:26 INFO  : Jtag cable 'Digilent JTAG-HS3 210299950344' is selected.
17:50:26 INFO  : 'jtag frequency' command is executed.
17:50:26 INFO  : Sourcing of 'D:/DIY/Radio_SW/VivadoProjectFolder/myproject/myproject.sdk/TopBlockDesign_wrapper_hw_platform_0/ps7_init.tcl' is done.
17:50:27 INFO  : Context for 'APU' is selected.
17:50:28 INFO  : System reset is completed.
17:50:31 INFO  : 'after 3000' command is executed.
17:50:32 INFO  : 'targets -set -filter {jtag_cable_name =~ "Digilent JTAG-HS3 210299950344" && level==0} -index 1' command is executed.
17:50:37 INFO  : FPGA configured successfully with bitstream "D:/DIY/Radio_SW/VivadoProjectFolder/myproject/myproject.sdk/TopBlockDesign_wrapper_hw_platform_0/TopBlockDesign_wrapper.bit"
17:50:37 INFO  : Context for 'APU' is selected.
17:50:44 INFO  : Hardware design information is loaded from 'D:/DIY/Radio_SW/VivadoProjectFolder/myproject/myproject.sdk/TopBlockDesign_wrapper_hw_platform_0/system.hdf'.
17:50:44 INFO  : 'configparams force-mem-access 1' command is executed.
17:50:44 INFO  : Context for 'APU' is selected.
17:50:46 INFO  : 'ps7_init' command is executed.
17:50:46 INFO  : 'ps7_post_config' command is executed.
17:50:46 INFO  : Context for processor 'ps7_cortexa9_0' is selected.
17:50:46 INFO  : The application 'D:/DIY/Radio_SW/VivadoProjectFolder/myproject/myproject.sdk/DAC_test_1/Debug/DAC_test_1.elf' is downloaded to processor 'ps7_cortexa9_0'.
17:50:46 INFO  : 'configparams force-mem-access 0' command is executed.
17:50:46 INFO  : ----------------XSDB Script----------------
connect -url tcp:127.0.0.1:3121
source D:/DIY/Radio_SW/VivadoProjectFolder/myproject/myproject.sdk/TopBlockDesign_wrapper_hw_platform_0/ps7_init.tcl
targets -set -nocase -filter {name =~"APU*" && jtag_cable_name =~ "Digilent JTAG-HS3 210299950344"} -index 0
rst -system
after 3000
targets -set -filter {jtag_cable_name =~ "Digilent JTAG-HS3 210299950344" && level==0} -index 1
fpga -file D:/DIY/Radio_SW/VivadoProjectFolder/myproject/myproject.sdk/TopBlockDesign_wrapper_hw_platform_0/TopBlockDesign_wrapper.bit
targets -set -nocase -filter {name =~"APU*" && jtag_cable_name =~ "Digilent JTAG-HS3 210299950344"} -index 0
loadhw -hw D:/DIY/Radio_SW/VivadoProjectFolder/myproject/myproject.sdk/TopBlockDesign_wrapper_hw_platform_0/system.hdf -mem-ranges [list {0x40000000 0xbfffffff}]
configparams force-mem-access 1
targets -set -nocase -filter {name =~"APU*" && jtag_cable_name =~ "Digilent JTAG-HS3 210299950344"} -index 0
ps7_init
ps7_post_config
targets -set -nocase -filter {name =~ "ARM*#0" && jtag_cable_name =~ "Digilent JTAG-HS3 210299950344"} -index 0
dow D:/DIY/Radio_SW/VivadoProjectFolder/myproject/myproject.sdk/DAC_test_1/Debug/DAC_test_1.elf
configparams force-mem-access 0
----------------End of Script----------------

17:50:47 INFO  : Memory regions updated for context APU
17:50:47 INFO  : Launch script is exported to file 'D:\DIY\Radio_SW\VivadoProjectFolder\myproject\myproject.sdk\.sdk\launch_scripts\xilinx_c-c++_application_(system_debugger)\db_dac_1.tcl'
18:22:18 INFO  : Invoking Bootgen: bootgen -image DAC_test_1.bif -arch zynq -o D:\DIY\Radio_SW\VivadoProjectFolder\myproject\myproject.sdk\DAC_test_1\bootimage\BOOT.mcs
18:22:18 INFO  : Creating new bif file D:\DIY\Radio_SW\VivadoProjectFolder\myproject\myproject.sdk\DAC_test_1\bootimage\DAC_test_1.bif
18:22:31 INFO  : Bootgen command execution is done.
18:36:55 INFO  : Disconnected from the channel tcfchan#12.
18:42:07 INFO  : Connected to target on host '127.0.0.1' and port '3121'.
18:42:09 INFO  : 'targets -set -filter {jtag_cable_name =~ "Digilent JTAG-HS3 210299950344" && level==0} -index 1' command is executed.
18:42:12 INFO  : FPGA configured successfully with bitstream "D:/DIY/Radio_SW/VivadoProjectFolder/myproject/myproject.sdk/TopBlockDesign_wrapper_hw_platform_0/TopBlockDesign_wrapper.bit"
